# JRE version: OpenJDK Runtime Environment (11.0.11+9) (build 11.0.11+9-Ubuntu-0ubuntu2.20.04)
# Java VM: OpenJDK 64-Bit Server VM (11.0.11+9-Ubuntu-0ubuntu2.20.04, mixed mode, sharing, tiered, compressed oops, g1 gc, linux-amd64)
Heap:
 garbage-first heap   total 81920K, used 58366K [0x000000009c400000, 0x0000000100000000)
  region size 1024K, 35 young (35840K), 0 survivors (0K)
 Metaspace       used 55544K, capacity 57541K, committed 57808K, reserved 1099776K
  class space    used 7655K, capacity 8456K, committed 8576K, reserved 1048576K
GC Heap History (20 events):
Event: 2,511 GC heap before
{Heap before GC invocations=9 (full 0):
 garbage-first heap   total 159744K, used 99883K [0x000000009c400000, 0x0000000100000000)
  region size 1024K, 93 young (95232K), 7 survivors (7168K)
 Metaspace       used 25092K, capacity 26157K, committed 26416K, reserved 1071104K
  class space    used 3509K, capacity 3923K, committed 3968K, reserved 1048576K
}
Event: 2,527 GC heap after
{Heap after GC invocations=10 (full 0):
 garbage-first heap   total 303104K, used 15747K [0x000000009c400000, 0x0000000100000000)
  region size 1024K, 9 young (9216K), 9 survivors (9216K)
 Metaspace       used 25092K, capacity 26157K, committed 26416K, reserved 1071104K
  class space    used 3509K, capacity 3923K, committed 3968K, reserved 1048576K
}
Event: 3,287 GC heap before
{Heap before GC invocations=10 (full 0):
 garbage-first heap   total 303104K, used 110979K [0x000000009c400000, 0x0000000100000000)
  region size 1024K, 104 young (106496K), 9 survivors (9216K)
 Metaspace       used 34445K, capacity 35702K, committed 35920K, reserved 1079296K
  class space    used 4785K, capacity 5294K, committed 5376K, reserved 1048576K
}
Event: 3,308 GC heap after
{Heap after GC invocations=11 (full 0):
 garbage-first heap   total 303104K, used 19331K [0x000000009c400000, 0x0000000100000000)
  region size 1024K, 13 young (13312K), 13 survivors (13312K)
 Metaspace       used 34445K, capacity 35702K, committed 35920K, reserved 1079296K
  class space    used 4785K, capacity 5294K, committed 5376K, reserved 1048576K
}
Event: 32,925 GC heap before
{Heap before GC invocations=12 (full 0):
 garbage-first heap   total 303104K, used 147331K [0x000000009c400000, 0x0000000100000000)
  region size 1024K, 138 young (141312K), 13 survivors (13312K)
 Metaspace       used 49314K, capacity 51008K, committed 51280K, reserved 1093632K
  class space    used 6889K, capacity 7564K, committed 7680K, reserved 1048576K
}
Event: 32,951 GC heap after
{Heap after GC invocations=13 (full 0):
 garbage-first heap   total 303104K, used 24690K [0x000000009c400000, 0x0000000100000000)
  region size 1024K, 14 young (14336K), 14 survivors (14336K)
 Metaspace       used 49314K, capacity 51008K, committed 51280K, reserved 1093632K
  class space    used 6889K, capacity 7564K, committed 7680K, reserved 1048576K
}
Event: 322,831 GC heap before
{Heap before GC invocations=13 (full 0):
 garbage-first heap   total 303104K, used 68722K [0x000000009c400000, 0x0000000100000000)
  region size 1024K, 59 young (60416K), 14 survivors (14336K)
 Metaspace       used 54906K, capacity 56668K, committed 56784K, reserved 1097728K
  class space    used 7575K, capacity 8282K, committed 8320K, reserved 1048576K
}
Event: 322,900 GC heap after
{Heap after GC invocations=14 (full 1):
 garbage-first heap   total 89088K, used 24794K [0x000000009c400000, 0x0000000100000000)
  region size 1024K, 0 young (0K), 0 survivors (0K)
 Metaspace       used 54902K, capacity 56662K, committed 56784K, reserved 1097728K
  class space    used 7574K, capacity 8281K, committed 8320K, reserved 1048576K
}
Event: 323,164 GC heap before
{Heap before GC invocations=14 (full 1):
 garbage-first heap   total 89088K, used 67802K [0x000000009c400000, 0x0000000100000000)
  region size 1024K, 43 young (44032K), 0 survivors (0K)
 Metaspace       used 54962K, capacity 56765K, committed 57040K, reserved 1097728K
  class space    used 7586K, capacity 8294K, committed 8320K, reserved 1048576K
}
Event: 323,168 GC heap after
{Heap after GC invocations=15 (full 1):
 garbage-first heap   total 89088K, used 27866K [0x000000009c400000, 0x0000000100000000)
  region size 1024K, 3 young (3072K), 3 survivors (3072K)
 Metaspace       used 54962K, capacity 56765K, committed 57040K, reserved 1097728K
  class space    used 7586K, capacity 8294K, committed 8320K, reserved 1048576K
}
Event: 323,209 GC heap before
{Heap before GC invocations=15 (full 1):
 garbage-first heap   total 89088K, used 68826K [0x000000009c400000, 0x0000000100000000)
  region size 1024K, 44 young (45056K), 3 survivors (3072K)
 Metaspace       used 55037K, capacity 56878K, committed 57168K, reserved 1097728K
  class space    used 7598K, capacity 8332K, committed 8448K, reserved 1048576K
}
Event: 323,213 GC heap after
{Heap after GC invocations=16 (full 1):
 garbage-first heap   total 89088K, used 27859K [0x000000009c400000, 0x0000000100000000)
  region size 1024K, 3 young (3072K), 3 survivors (3072K)
 Metaspace       used 55037K, capacity 56878K, committed 57168K, reserved 1097728K
  class space    used 7598K, capacity 8332K, committed 8448K, reserved 1048576K
}
Event: 415,065 GC heap before
{Heap before GC invocations=16 (full 1):
 garbage-first heap   total 89088K, used 62675K [0x000000009c400000, 0x0000000100000000)
  region size 1024K, 38 young (38912K), 3 survivors (3072K)
 Metaspace       used 55257K, capacity 57131K, committed 57424K, reserved 1097728K
  class space    used 7620K, capacity 8388K, committed 8448K, reserved 1048576K
}
Event: 415,112 GC heap after
{Heap after GC invocations=17 (full 2):
 garbage-first heap   total 81920K, used 23358K [0x000000009c400000, 0x0000000100000000)
  region size 1024K, 0 young (0K), 0 survivors (0K)
 Metaspace       used 55253K, capacity 57125K, committed 57424K, reserved 1097728K
  class space    used 7619K, capacity 8387K, committed 8448K, reserved 1048576K
}
Event: 415,313 GC heap before
{Heap before GC invocations=17 (full 2):
 garbage-first heap   total 81920K, used 64318K [0x000000009c400000, 0x0000000100000000)
  region size 1024K, 41 young (41984K), 0 survivors (0K)
 Metaspace       used 55312K, capacity 57228K, committed 57424K, reserved 1097728K
  class space    used 7630K, capacity 8399K, committed 8448K, reserved 1048576K
}
Event: 415,317 GC heap after
{Heap after GC invocations=18 (full 2):
 garbage-first heap   total 81920K, used 26054K [0x000000009c400000, 0x0000000100000000)
  region size 1024K, 3 young (3072K), 3 survivors (3072K)
 Metaspace       used 55312K, capacity 57228K, committed 57424K, reserved 1097728K
  class space    used 7630K, capacity 8399K, committed 8448K, reserved 1048576K
}
Event: 415,335 GC heap before
{Heap before GC invocations=18 (full 2):
 garbage-first heap   total 81920K, used 64966K [0x000000009c400000, 0x0000000100000000)
  region size 1024K, 42 young (43008K), 3 survivors (3072K)
 Metaspace       used 55312K, capacity 57228K, committed 57424K, reserved 1097728K
  class space    used 7630K, capacity 8399K, committed 8448K, reserved 1048576K
}
Event: 415,339 GC heap after
{Heap after GC invocations=19 (full 2):
 garbage-first heap   total 81920K, used 26213K [0x000000009c400000, 0x0000000100000000)
  region size 1024K, 3 young (3072K), 3 survivors (3072K)
 Metaspace       used 55312K, capacity 57228K, committed 57424K, reserved 1097728K
  class space    used 7630K, capacity 8399K, committed 8448K, reserved 1048576K
}
Event: 433,044 GC heap before
{Heap before GC invocations=19 (full 2):
 garbage-first heap   total 81920K, used 64101K [0x000000009c400000, 0x0000000100000000)
  region size 1024K, 41 young (41984K), 3 survivors (3072K)
 Metaspace       used 55498K, capacity 57432K, committed 57680K, reserved 1099776K
  class space    used 7644K, capacity 8441K, committed 8448K, reserved 1048576K
}
Event: 433,096 GC heap after
{Heap after GC invocations=20 (full 3):
 garbage-first heap   total 81920K, used 23550K [0x000000009c400000, 0x0000000100000000)
  region size 1024K, 0 young (0K), 0 survivors (0K)
 Metaspace       used 55492K, capacity 57420K, committed 57680K, reserved 1099776K
  class space    used 7643K, capacity 8438K, committed 8448K, reserved 1048576K
}

